Flow report for sdram_uart
Wed Dec 23 19:09:18 2015
Quartus II 64-Bit Version 13.0.0 Build 156 04/24/2013 SJ Full Version


---------------------
; Table of Contents ;
---------------------
  1. Legal Notice
  2. Flow Summary
  3. Flow Settings
  4. Flow Non-Default Global Settings
  5. Flow Elapsed Time
  6. Flow OS Summary
  7. Flow Log
  8. Flow Messages
  9. Flow Suppressed Messages



----------------
; Legal Notice ;
----------------
Copyright (C) 1991-2013 Altera Corporation
Your use of Altera Corporation's design tools, logic functions 
and other software and tools, and its AMPP partner logic 
functions, and any output files from any of the foregoing 
(including device programming or simulation files), and any 
associated documentation or information are expressly subject 
to the terms and conditions of the Altera Program License 
Subscription Agreement, Altera MegaCore Function License 
Agreement, or other applicable license agreement, including, 
without limitation, that your use is for the sole purpose of 
programming logic devices manufactured by Altera and sold by 
Altera or its authorized distributors.  Please refer to the 
applicable agreement for further details.



+----------------------------------------------------------------------------------+
; Flow Summary                                                                     ;
+------------------------------------+---------------------------------------------+
; Flow Status                        ; Successful - Wed Dec 23 19:09:18 2015       ;
; Quartus II 64-Bit Version          ; 13.0.0 Build 156 04/24/2013 SJ Full Version ;
; Revision Name                      ; sdram_uart                                  ;
; Top-level Entity Name              ; sdram_uart                                  ;
; Family                             ; Cyclone II                                  ;
; Device                             ; EP2C35F672C6                                ;
; Timing Models                      ; Final                                       ;
; Total logic elements               ; 4,412 / 33,216 ( 13 % )                     ;
;     Total combinational functions  ; 3,928 / 33,216 ( 12 % )                     ;
;     Dedicated logic registers      ; 2,850 / 33,216 ( 9 % )                      ;
; Total registers                    ; 2918                                        ;
; Total pins                         ; 69 / 475 ( 15 % )                           ;
; Total virtual pins                 ; 0                                           ;
; Total memory bits                  ; 64,896 / 483,840 ( 13 % )                   ;
; Embedded Multiplier 9-bit elements ; 4 / 70 ( 6 % )                              ;
; Total PLLs                         ; 1 / 4 ( 25 % )                              ;
+------------------------------------+---------------------------------------------+


+-----------------------------------------+
; Flow Settings                           ;
+-------------------+---------------------+
; Option            ; Setting             ;
+-------------------+---------------------+
; Start date & time ; 12/23/2015 19:08:21 ;
; Main task         ; Compilation         ;
; Revision Name     ; sdram_uart          ;
+-------------------+---------------------+


+-----------------------------------------------------------------------------------------------------------------------------------------------------------------+
; Flow Non-Default Global Settings                                                                                                                                ;
+-------------------------------------+--------------------------------------------------------+---------------+---------------------------------+----------------+
; Assignment Name                     ; Value                                                  ; Default Value ; Entity Name                     ; Section Id     ;
+-------------------------------------+--------------------------------------------------------+---------------+---------------------------------+----------------+
; COMPILER_SIGNATURE_ID               ; 272883581171920.145086890108424                        ; --            ; --                              ; --             ;
; EDA_OUTPUT_DATA_FORMAT              ; Vhdl                                                   ; --            ; --                              ; eda_simulation ;
; EDA_SIMULATION_TOOL                 ; ModelSim-Altera (VHDL)                                 ; <None>        ; --                              ; --             ;
; IP_TOOL_ENV                         ; Qsys                                                   ; --            ; CORE                            ; --             ;
; IP_TOOL_ENV                         ; Qsys                                                   ; --            ; CORE_FAN                        ; --             ;
; IP_TOOL_ENV                         ; Qsys                                                   ; --            ; CORE_LEDMODE                    ; --             ;
; IP_TOOL_ENV                         ; Qsys                                                   ; --            ; CORE_RS232                      ; --             ;
; IP_TOOL_ENV                         ; Qsys                                                   ; --            ; CORE_Sigtap                     ; --             ;
; IP_TOOL_ENV                         ; Qsys                                                   ; --            ; CORE_addr_router                ; --             ;
; IP_TOOL_ENV                         ; Qsys                                                   ; --            ; CORE_addr_router_001            ; --             ;
; IP_TOOL_ENV                         ; Qsys                                                   ; --            ; CORE_breathe_led                ; --             ;
; IP_TOOL_ENV                         ; Qsys                                                   ; --            ; CORE_cmd_xbar_demux             ; --             ;
; IP_TOOL_ENV                         ; Qsys                                                   ; --            ; CORE_cmd_xbar_demux_001         ; --             ;
; IP_TOOL_ENV                         ; Qsys                                                   ; --            ; CORE_cmd_xbar_mux               ; --             ;
; IP_TOOL_ENV                         ; Qsys                                                   ; --            ; CORE_id_router                  ; --             ;
; IP_TOOL_ENV                         ; Qsys                                                   ; --            ; CORE_id_router_002              ; --             ;
; IP_TOOL_ENV                         ; Qsys                                                   ; --            ; CORE_id_router_003              ; --             ;
; IP_TOOL_ENV                         ; Qsys                                                   ; --            ; CORE_irq_mapper                 ; --             ;
; IP_TOOL_ENV                         ; Qsys                                                   ; --            ; CORE_jtag_uart                  ; --             ;
; IP_TOOL_ENV                         ; Qsys                                                   ; --            ; CORE_nios2                      ; --             ;
; IP_TOOL_ENV                         ; Qsys                                                   ; --            ; CORE_rsp_xbar_demux             ; --             ;
; IP_TOOL_ENV                         ; Qsys                                                   ; --            ; CORE_rsp_xbar_demux_003         ; --             ;
; IP_TOOL_ENV                         ; Qsys                                                   ; --            ; CORE_rsp_xbar_mux               ; --             ;
; IP_TOOL_ENV                         ; Qsys                                                   ; --            ; CORE_rsp_xbar_mux_001           ; --             ;
; IP_TOOL_ENV                         ; Qsys                                                   ; --            ; CORE_sdram_controller           ; --             ;
; IP_TOOL_ENV                         ; Qsys                                                   ; --            ; CORE_sysid                      ; --             ;
; IP_TOOL_ENV                         ; Qsys                                                   ; --            ; altera_avalon_sc_fifo           ; --             ;
; IP_TOOL_ENV                         ; Qsys                                                   ; --            ; altera_merlin_burst_adapter     ; --             ;
; IP_TOOL_ENV                         ; Qsys                                                   ; --            ; altera_merlin_master_agent      ; --             ;
; IP_TOOL_ENV                         ; Qsys                                                   ; --            ; altera_merlin_master_translator ; --             ;
; IP_TOOL_ENV                         ; Qsys                                                   ; --            ; altera_merlin_slave_agent       ; --             ;
; IP_TOOL_ENV                         ; Qsys                                                   ; --            ; altera_merlin_slave_translator  ; --             ;
; IP_TOOL_ENV                         ; Qsys                                                   ; --            ; altera_merlin_traffic_limiter   ; --             ;
; IP_TOOL_ENV                         ; Qsys                                                   ; --            ; altera_merlin_width_adapter     ; --             ;
; IP_TOOL_ENV                         ; Qsys                                                   ; --            ; altera_reset_controller         ; --             ;
; IP_TOOL_NAME                        ; ALTPLL                                                 ; --            ; --                              ; --             ;
; IP_TOOL_NAME                        ; Qsys                                                   ; --            ; CORE                            ; --             ;
; IP_TOOL_NAME                        ; altera_avalon_pio                                      ; --            ; CORE_FAN                        ; --             ;
; IP_TOOL_NAME                        ; altera_avalon_pio                                      ; --            ; CORE_LEDMODE                    ; --             ;
; IP_TOOL_NAME                        ; altera_avalon_uart                                     ; --            ; CORE_RS232                      ; --             ;
; IP_TOOL_NAME                        ; altera_avalon_pio                                      ; --            ; CORE_Sigtap                     ; --             ;
; IP_TOOL_NAME                        ; altera_merlin_router                                   ; --            ; CORE_addr_router                ; --             ;
; IP_TOOL_NAME                        ; altera_merlin_router                                   ; --            ; CORE_addr_router_001            ; --             ;
; IP_TOOL_NAME                        ; altera_avalon_pio                                      ; --            ; CORE_breathe_led                ; --             ;
; IP_TOOL_NAME                        ; altera_merlin_demultiplexer                            ; --            ; CORE_cmd_xbar_demux             ; --             ;
; IP_TOOL_NAME                        ; altera_merlin_demultiplexer                            ; --            ; CORE_cmd_xbar_demux_001         ; --             ;
; IP_TOOL_NAME                        ; altera_merlin_multiplexer                              ; --            ; CORE_cmd_xbar_mux               ; --             ;
; IP_TOOL_NAME                        ; altera_merlin_router                                   ; --            ; CORE_id_router                  ; --             ;
; IP_TOOL_NAME                        ; altera_merlin_router                                   ; --            ; CORE_id_router_002              ; --             ;
; IP_TOOL_NAME                        ; altera_merlin_router                                   ; --            ; CORE_id_router_003              ; --             ;
; IP_TOOL_NAME                        ; altera_irq_mapper                                      ; --            ; CORE_irq_mapper                 ; --             ;
; IP_TOOL_NAME                        ; altera_avalon_jtag_uart                                ; --            ; CORE_jtag_uart                  ; --             ;
; IP_TOOL_NAME                        ; altera_nios2_qsys                                      ; --            ; CORE_nios2                      ; --             ;
; IP_TOOL_NAME                        ; altera_merlin_demultiplexer                            ; --            ; CORE_rsp_xbar_demux             ; --             ;
; IP_TOOL_NAME                        ; altera_merlin_demultiplexer                            ; --            ; CORE_rsp_xbar_demux_003         ; --             ;
; IP_TOOL_NAME                        ; altera_merlin_multiplexer                              ; --            ; CORE_rsp_xbar_mux               ; --             ;
; IP_TOOL_NAME                        ; altera_merlin_multiplexer                              ; --            ; CORE_rsp_xbar_mux_001           ; --             ;
; IP_TOOL_NAME                        ; altera_avalon_new_sdram_controller                     ; --            ; CORE_sdram_controller           ; --             ;
; IP_TOOL_NAME                        ; altera_avalon_sysid_qsys                               ; --            ; CORE_sysid                      ; --             ;
; IP_TOOL_NAME                        ; altera_avalon_sc_fifo                                  ; --            ; altera_avalon_sc_fifo           ; --             ;
; IP_TOOL_NAME                        ; altera_merlin_burst_adapter                            ; --            ; altera_merlin_burst_adapter     ; --             ;
; IP_TOOL_NAME                        ; altera_merlin_master_agent                             ; --            ; altera_merlin_master_agent      ; --             ;
; IP_TOOL_NAME                        ; altera_merlin_master_translator                        ; --            ; altera_merlin_master_translator ; --             ;
; IP_TOOL_NAME                        ; altera_merlin_slave_agent                              ; --            ; altera_merlin_slave_agent       ; --             ;
; IP_TOOL_NAME                        ; altera_merlin_slave_translator                         ; --            ; altera_merlin_slave_translator  ; --             ;
; IP_TOOL_NAME                        ; altera_merlin_traffic_limiter                          ; --            ; altera_merlin_traffic_limiter   ; --             ;
; IP_TOOL_NAME                        ; altera_merlin_width_adapter                            ; --            ; altera_merlin_width_adapter     ; --             ;
; IP_TOOL_NAME                        ; altera_reset_controller                                ; --            ; altera_reset_controller         ; --             ;
; IP_TOOL_VERSION                     ; 13.0                                                   ; --            ; --                              ; --             ;
; IP_TOOL_VERSION                     ; 13.0                                                   ; --            ; CORE                            ; --             ;
; IP_TOOL_VERSION                     ; 13.0.1                                                 ; --            ; CORE_FAN                        ; --             ;
; IP_TOOL_VERSION                     ; 13.0.1                                                 ; --            ; CORE_LEDMODE                    ; --             ;
; IP_TOOL_VERSION                     ; 13.0.1                                                 ; --            ; CORE_RS232                      ; --             ;
; IP_TOOL_VERSION                     ; 13.0.1                                                 ; --            ; CORE_Sigtap                     ; --             ;
; IP_TOOL_VERSION                     ; 13.0                                                   ; --            ; CORE_addr_router                ; --             ;
; IP_TOOL_VERSION                     ; 13.0                                                   ; --            ; CORE_addr_router_001            ; --             ;
; IP_TOOL_VERSION                     ; 13.0.1                                                 ; --            ; CORE_breathe_led                ; --             ;
; IP_TOOL_VERSION                     ; 13.0                                                   ; --            ; CORE_cmd_xbar_demux             ; --             ;
; IP_TOOL_VERSION                     ; 13.0                                                   ; --            ; CORE_cmd_xbar_demux_001         ; --             ;
; IP_TOOL_VERSION                     ; 13.0                                                   ; --            ; CORE_cmd_xbar_mux               ; --             ;
; IP_TOOL_VERSION                     ; 13.0                                                   ; --            ; CORE_id_router                  ; --             ;
; IP_TOOL_VERSION                     ; 13.0                                                   ; --            ; CORE_id_router_002              ; --             ;
; IP_TOOL_VERSION                     ; 13.0                                                   ; --            ; CORE_id_router_003              ; --             ;
; IP_TOOL_VERSION                     ; 13.0                                                   ; --            ; CORE_irq_mapper                 ; --             ;
; IP_TOOL_VERSION                     ; 13.0.1                                                 ; --            ; CORE_jtag_uart                  ; --             ;
; IP_TOOL_VERSION                     ; 13.0                                                   ; --            ; CORE_nios2                      ; --             ;
; IP_TOOL_VERSION                     ; 13.0                                                   ; --            ; CORE_rsp_xbar_demux             ; --             ;
; IP_TOOL_VERSION                     ; 13.0                                                   ; --            ; CORE_rsp_xbar_demux_003         ; --             ;
; IP_TOOL_VERSION                     ; 13.0                                                   ; --            ; CORE_rsp_xbar_mux               ; --             ;
; IP_TOOL_VERSION                     ; 13.0                                                   ; --            ; CORE_rsp_xbar_mux_001           ; --             ;
; IP_TOOL_VERSION                     ; 13.0.1                                                 ; --            ; CORE_sdram_controller           ; --             ;
; IP_TOOL_VERSION                     ; 13.0                                                   ; --            ; CORE_sysid                      ; --             ;
; IP_TOOL_VERSION                     ; 13.0                                                   ; --            ; altera_avalon_sc_fifo           ; --             ;
; IP_TOOL_VERSION                     ; 13.0                                                   ; --            ; altera_merlin_burst_adapter     ; --             ;
; IP_TOOL_VERSION                     ; 13.0                                                   ; --            ; altera_merlin_master_agent      ; --             ;
; IP_TOOL_VERSION                     ; 13.0                                                   ; --            ; altera_merlin_master_translator ; --             ;
; IP_TOOL_VERSION                     ; 13.0                                                   ; --            ; altera_merlin_slave_agent       ; --             ;
; IP_TOOL_VERSION                     ; 13.0                                                   ; --            ; altera_merlin_slave_translator  ; --             ;
; IP_TOOL_VERSION                     ; 13.0                                                   ; --            ; altera_merlin_traffic_limiter   ; --             ;
; IP_TOOL_VERSION                     ; 13.0                                                   ; --            ; altera_merlin_width_adapter     ; --             ;
; IP_TOOL_VERSION                     ; 13.0                                                   ; --            ; altera_reset_controller         ; --             ;
; MAX_CORE_JUNCTION_TEMP              ; 85                                                     ; --            ; --                              ; --             ;
; MIN_CORE_JUNCTION_TEMP              ; 0                                                      ; --            ; --                              ; --             ;
; MISC_FILE                           ; CORE/synthesis/../../CORE.cmp                          ; --            ; --                              ; --             ;
; MISC_FILE                           ; CORE/synthesis/../../CORE.qsys                         ; --            ; --                              ; --             ;
; MISC_FILE                           ; PLL.bsf                                                ; --            ; --                              ; --             ;
; MISC_FILE                           ; PLL_inst.v                                             ; --            ; --                              ; --             ;
; MISC_FILE                           ; PLL_bb.v                                               ; --            ; --                              ; --             ;
; MISC_FILE                           ; PLL.ppf                                                ; --            ; --                              ; --             ;
; PARTITION_COLOR                     ; 16764057                                               ; --            ; --                              ; Top            ;
; PARTITION_FITTER_PRESERVATION_LEVEL ; PLACEMENT_AND_ROUTING                                  ; --            ; --                              ; Top            ;
; PARTITION_NETLIST_TYPE              ; SOURCE                                                 ; --            ; --                              ; Top            ;
; PROJECT_OUTPUT_DIRECTORY            ; output_files                                           ; --            ; --                              ; --             ;
; SLD_INFO                            ; QSYS_NAME CORE HAS_SOPCINFO 1 GENERATION_ID 1450868559 ; --            ; CORE                            ; --             ;
; SOPCINFO_FILE                       ; CORE/synthesis/../../CORE.sopcinfo                     ; --            ; --                              ; --             ;
; SYNTHESIS_ONLY_QIP                  ; On                                                     ; --            ; --                              ; --             ;
+-------------------------------------+--------------------------------------------------------+---------------+---------------------------------+----------------+


+-------------------------------------------------------------------------------------------------------------------------------+
; Flow Elapsed Time                                                                                                             ;
+---------------------------+--------------+-------------------------+---------------------+------------------------------------+
; Module Name               ; Elapsed Time ; Average Processors Used ; Peak Virtual Memory ; Total CPU Time (on all processors) ;
+---------------------------+--------------+-------------------------+---------------------+------------------------------------+
; Analysis & Synthesis      ; 00:00:22     ; 1.0                     ; 637 MB              ; 00:00:21                           ;
; Fitter                    ; 00:00:22     ; 1.1                     ; 855 MB              ; 00:00:25                           ;
; Assembler                 ; 00:00:02     ; 1.0                     ; 450 MB              ; 00:00:02                           ;
; TimeQuest Timing Analyzer ; 00:00:02     ; 1.0                     ; 481 MB              ; 00:00:02                           ;
; EDA Netlist Writer        ; 00:00:03     ; 1.0                     ; 463 MB              ; 00:00:03                           ;
; Total                     ; 00:00:51     ; --                      ; --                  ; 00:00:53                           ;
+---------------------------+--------------+-------------------------+---------------------+------------------------------------+


+----------------------------------------------------------------------------------------+
; Flow OS Summary                                                                        ;
+---------------------------+------------------+-----------+------------+----------------+
; Module Name               ; Machine Hostname ; OS Name   ; OS Version ; Processor type ;
+---------------------------+------------------+-----------+------------+----------------+
; Analysis & Synthesis      ; Ryan-PC          ; Windows 7 ; 6.1        ; x86_64         ;
; Fitter                    ; Ryan-PC          ; Windows 7 ; 6.1        ; x86_64         ;
; Assembler                 ; Ryan-PC          ; Windows 7 ; 6.1        ; x86_64         ;
; TimeQuest Timing Analyzer ; Ryan-PC          ; Windows 7 ; 6.1        ; x86_64         ;
; EDA Netlist Writer        ; Ryan-PC          ; Windows 7 ; 6.1        ; x86_64         ;
+---------------------------+------------------+-----------+------------+----------------+


------------
; Flow Log ;
------------
quartus_map --read_settings_files=on --write_settings_files=off sdram_uart -c sdram_uart
quartus_fit --read_settings_files=off --write_settings_files=off sdram_uart -c sdram_uart
quartus_asm --read_settings_files=off --write_settings_files=off sdram_uart -c sdram_uart
quartus_sta sdram_uart -c sdram_uart
quartus_eda --read_settings_files=off --write_settings_files=off sdram_uart -c sdram_uart



